Analysis & Synthesis report for SHA3_256
Sat Apr 02 16:17:47 2022
Quartus Prime Version 18.1.0 Build 625 09/12/2018 SJ Lite Edition


---------------------
; Table of Contents ;
---------------------
  1. Legal Notice
  2. Analysis & Synthesis Summary
  3. Analysis & Synthesis Settings
  4. Parallel Compilation
  5. Analysis & Synthesis Source Files Read
  6. Analysis & Synthesis Resource Usage Summary
  7. Analysis & Synthesis Resource Utilization by Entity
  8. General Register Statistics
  9. Post-Synthesis Netlist Statistics for Top Partition
 10. Elapsed Time Per Partition
 11. Analysis & Synthesis Messages



----------------
; Legal Notice ;
----------------
Copyright (C) 2018  Intel Corporation. All rights reserved.
Your use of Intel Corporation's design tools, logic functions 
and other software and tools, and its AMPP partner logic 
functions, and any output files from any of the foregoing 
(including device programming or simulation files), and any 
associated documentation or information are expressly subject 
to the terms and conditions of the Intel Program License 
Subscription Agreement, the Intel Quartus Prime License Agreement,
the Intel FPGA IP License Agreement, or other applicable license
agreement, including, without limitation, that your use is for
the sole purpose of programming logic devices manufactured by
Intel and sold by Intel or its authorized distributors.  Please
refer to the applicable agreement for further details.



+-------------------------------------------------------------------------------+
; Analysis & Synthesis Summary                                                  ;
+---------------------------------+---------------------------------------------+
; Analysis & Synthesis Status     ; Successful - Sat Apr 02 16:17:47 2022       ;
; Quartus Prime Version           ; 18.1.0 Build 625 09/12/2018 SJ Lite Edition ;
; Revision Name                   ; SHA3_256                                    ;
; Top-level Entity Name           ; SHA3_256                                    ;
; Family                          ; Cyclone V                                   ;
; Logic utilization (in ALMs)     ; N/A                                         ;
; Total registers                 ; 1536                                        ;
; Total pins                      ; 578                                         ;
; Total virtual pins              ; 0                                           ;
; Total block memory bits         ; 0                                           ;
; Total DSP Blocks                ; 0                                           ;
; Total HSSI RX PCSs              ; 0                                           ;
; Total HSSI PMA RX Deserializers ; 0                                           ;
; Total HSSI TX PCSs              ; 0                                           ;
; Total HSSI PMA TX Serializers   ; 0                                           ;
; Total PLLs                      ; 0                                           ;
; Total DLLs                      ; 0                                           ;
+---------------------------------+---------------------------------------------+


+---------------------------------------------------------------------------------------------------------------------------+
; Analysis & Synthesis Settings                                                                                             ;
+---------------------------------------------------------------------------------+--------------------+--------------------+
; Option                                                                          ; Setting            ; Default Value      ;
+---------------------------------------------------------------------------------+--------------------+--------------------+
; Device                                                                          ; 5CSXFC6D6F31C6     ;                    ;
; Top-level entity name                                                           ; SHA3_256           ; SHA3_256           ;
; Family name                                                                     ; Cyclone V          ; Cyclone V          ;
; Use smart compilation                                                           ; Off                ; Off                ;
; Enable parallel Assembler and Timing Analyzer during compilation                ; On                 ; On                 ;
; Enable compact report table                                                     ; Off                ; Off                ;
; Restructure Multiplexers                                                        ; Auto               ; Auto               ;
; MLAB Add Timing Constraints For Mixed-Port Feed-Through Mode Setting Don't Care ; Off                ; Off                ;
; Create Debugging Nodes for IP Cores                                             ; Off                ; Off                ;
; Preserve fewer node names                                                       ; On                 ; On                 ;
; Intel FPGA IP Evaluation Mode                                                   ; Enable             ; Enable             ;
; Verilog Version                                                                 ; Verilog_2001       ; Verilog_2001       ;
; VHDL Version                                                                    ; VHDL_1993          ; VHDL_1993          ;
; State Machine Processing                                                        ; Auto               ; Auto               ;
; Safe State Machine                                                              ; Off                ; Off                ;
; Extract Verilog State Machines                                                  ; On                 ; On                 ;
; Extract VHDL State Machines                                                     ; On                 ; On                 ;
; Ignore Verilog initial constructs                                               ; Off                ; Off                ;
; Iteration limit for constant Verilog loops                                      ; 5000               ; 5000               ;
; Iteration limit for non-constant Verilog loops                                  ; 250                ; 250                ;
; Add Pass-Through Logic to Inferred RAMs                                         ; On                 ; On                 ;
; Infer RAMs from Raw Logic                                                       ; On                 ; On                 ;
; Parallel Synthesis                                                              ; On                 ; On                 ;
; DSP Block Balancing                                                             ; Auto               ; Auto               ;
; NOT Gate Push-Back                                                              ; On                 ; On                 ;
; Power-Up Don't Care                                                             ; On                 ; On                 ;
; Remove Redundant Logic Cells                                                    ; Off                ; Off                ;
; Remove Duplicate Registers                                                      ; On                 ; On                 ;
; Ignore CARRY Buffers                                                            ; Off                ; Off                ;
; Ignore CASCADE Buffers                                                          ; Off                ; Off                ;
; Ignore GLOBAL Buffers                                                           ; Off                ; Off                ;
; Ignore ROW GLOBAL Buffers                                                       ; Off                ; Off                ;
; Ignore LCELL Buffers                                                            ; Off                ; Off                ;
; Ignore SOFT Buffers                                                             ; On                 ; On                 ;
; Limit AHDL Integers to 32 Bits                                                  ; Off                ; Off                ;
; Optimization Technique                                                          ; Balanced           ; Balanced           ;
; Carry Chain Length                                                              ; 70                 ; 70                 ;
; Auto Carry Chains                                                               ; On                 ; On                 ;
; Auto Open-Drain Pins                                                            ; On                 ; On                 ;
; Perform WYSIWYG Primitive Resynthesis                                           ; Off                ; Off                ;
; Auto ROM Replacement                                                            ; On                 ; On                 ;
; Auto RAM Replacement                                                            ; On                 ; On                 ;
; Auto DSP Block Replacement                                                      ; On                 ; On                 ;
; Auto Shift Register Replacement                                                 ; Auto               ; Auto               ;
; Allow Shift Register Merging across Hierarchies                                 ; Auto               ; Auto               ;
; Auto Clock Enable Replacement                                                   ; On                 ; On                 ;
; Strict RAM Replacement                                                          ; Off                ; Off                ;
; Allow Synchronous Control Signals                                               ; On                 ; On                 ;
; Force Use of Synchronous Clear Signals                                          ; Off                ; Off                ;
; Auto Resource Sharing                                                           ; Off                ; Off                ;
; Allow Any RAM Size For Recognition                                              ; Off                ; Off                ;
; Allow Any ROM Size For Recognition                                              ; Off                ; Off                ;
; Allow Any Shift Register Size For Recognition                                   ; Off                ; Off                ;
; Use LogicLock Constraints during Resource Balancing                             ; On                 ; On                 ;
; Ignore translate_off and synthesis_off directives                               ; Off                ; Off                ;
; Timing-Driven Synthesis                                                         ; On                 ; On                 ;
; Report Parameter Settings                                                       ; On                 ; On                 ;
; Report Source Assignments                                                       ; On                 ; On                 ;
; Report Connectivity Checks                                                      ; On                 ; On                 ;
; Ignore Maximum Fan-Out Assignments                                              ; Off                ; Off                ;
; Synchronization Register Chain Length                                           ; 3                  ; 3                  ;
; Power Optimization During Synthesis                                             ; Normal compilation ; Normal compilation ;
; HDL message level                                                               ; Level2             ; Level2             ;
; Suppress Register Optimization Related Messages                                 ; Off                ; Off                ;
; Number of Removed Registers Reported in Synthesis Report                        ; 5000               ; 5000               ;
; Number of Swept Nodes Reported in Synthesis Report                              ; 5000               ; 5000               ;
; Number of Inverted Registers Reported in Synthesis Report                       ; 100                ; 100                ;
; Clock MUX Protection                                                            ; On                 ; On                 ;
; Auto Gated Clock Conversion                                                     ; Off                ; Off                ;
; Block Design Naming                                                             ; Auto               ; Auto               ;
; SDC constraint protection                                                       ; Off                ; Off                ;
; Synthesis Effort                                                                ; Auto               ; Auto               ;
; Shift Register Replacement - Allow Asynchronous Clear Signal                    ; On                 ; On                 ;
; Pre-Mapping Resynthesis Optimization                                            ; Off                ; Off                ;
; Analysis & Synthesis Message Level                                              ; Medium             ; Medium             ;
; Disable Register Merging Across Hierarchies                                     ; Auto               ; Auto               ;
; Resource Aware Inference For Block RAM                                          ; On                 ; On                 ;
; Automatic Parallel Synthesis                                                    ; On                 ; On                 ;
; Partial Reconfiguration Bitstream ID                                            ; Off                ; Off                ;
+---------------------------------------------------------------------------------+--------------------+--------------------+


+------------------------------------------+
; Parallel Compilation                     ;
+----------------------------+-------------+
; Processors                 ; Number      ;
+----------------------------+-------------+
; Number detected on machine ; 8           ;
; Maximum allowed            ; 4           ;
;                            ;             ;
; Average used               ; 1.00        ;
; Maximum used               ; 4           ;
;                            ;             ;
; Usage by Processor         ; % Time Used ;
;     Processor 1            ; 100.0%      ;
;     Processor 2            ;   0.0%      ;
;     Processor 3            ;   0.0%      ;
;     Processor 4            ;   0.0%      ;
+----------------------------+-------------+


+-------------------------------------------------------------------------------------------------------------------------------------------------------------------------------------------+
; Analysis & Synthesis Source Files Read                                                                                                                                                    ;
+----------------------------------+-----------------+-----------------+----------------------------------------------------------------------------------------------------------+---------+
; File Name with User-Entered Path ; Used in Netlist ; File Type       ; File Name with Absolute Path                                                                             ; Library ;
+----------------------------------+-----------------+-----------------+----------------------------------------------------------------------------------------------------------+---------+
; flipflop64.vhd                   ; yes             ; User VHDL File  ; C:/Users/jack_/Documents/Rowan/Complex_Digital_Systems/SHA3-256 VHDL Project/SHA3_256/flipflop64.vhd     ;         ;
; theta_stage.vhd                  ; yes             ; User VHDL File  ; C:/Users/jack_/Documents/Rowan/Complex_Digital_Systems/SHA3-256 VHDL Project/SHA3_256/theta_stage.vhd    ;         ;
; rho_pi_stage.vhd                 ; yes             ; User VHDL File  ; C:/Users/jack_/Documents/Rowan/Complex_Digital_Systems/SHA3-256 VHDL Project/SHA3_256/rho_pi_stage.vhd   ;         ;
; chi_iota_stage.vhd               ; yes             ; User VHDL File  ; C:/Users/jack_/Documents/Rowan/Complex_Digital_Systems/SHA3-256 VHDL Project/SHA3_256/chi_iota_stage.vhd ;         ;
; SHA3_256.vhd                     ; yes             ; User VHDL File  ; C:/Users/jack_/Documents/Rowan/Complex_Digital_Systems/SHA3-256 VHDL Project/SHA3_256/SHA3_256.vhd       ;         ;
+----------------------------------+-----------------+-----------------+----------------------------------------------------------------------------------------------------------+---------+


+---------------------------------------------------------+
; Analysis & Synthesis Resource Usage Summary             ;
+---------------------------------------------+-----------+
; Resource                                    ; Usage     ;
+---------------------------------------------+-----------+
; Estimate of Logic utilization (ALMs needed) ; 811       ;
;                                             ;           ;
; Combinational ALUT usage for logic          ; 1024      ;
;     -- 7 input functions                    ; 0         ;
;     -- 6 input functions                    ; 0         ;
;     -- 5 input functions                    ; 0         ;
;     -- 4 input functions                    ; 256       ;
;     -- <=3 input functions                  ; 768       ;
;                                             ;           ;
; Dedicated logic registers                   ; 1536      ;
;                                             ;           ;
; I/O pins                                    ; 578       ;
;                                             ;           ;
; Total DSP Blocks                            ; 0         ;
;                                             ;           ;
; Maximum fan-out node                        ; clk~input ;
; Maximum fan-out                             ; 1536      ;
; Total fan-out                               ; 8002      ;
; Average fan-out                             ; 2.15      ;
+---------------------------------------------+-----------+


+-----------------------------------------------------------------------------------------------------------------------------------------------------------------------------------------------------------------------+
; Analysis & Synthesis Resource Utilization by Entity                                                                                                                                                                   ;
+------------------------------+---------------------+---------------------------+-------------------+------------+------+--------------+-----------------------------------------------+----------------+--------------+
; Compilation Hierarchy Node   ; Combinational ALUTs ; Dedicated Logic Registers ; Block Memory Bits ; DSP Blocks ; Pins ; Virtual Pins ; Full Hierarchy Name                           ; Entity Name    ; Library Name ;
+------------------------------+---------------------+---------------------------+-------------------+------------+------+--------------+-----------------------------------------------+----------------+--------------+
; |SHA3_256                    ; 1024 (0)            ; 1536 (0)                  ; 0                 ; 0          ; 578  ; 0            ; |SHA3_256                                     ; SHA3_256       ; work         ;
;    |chi_iota_stage:chi_iota| ; 256 (256)           ; 0 (0)                     ; 0                 ; 0          ; 0    ; 0            ; |SHA3_256|chi_iota_stage:chi_iota             ; chi_iota_stage ; work         ;
;    |flipflop64:reg0|         ; 0 (0)               ; 64 (64)                   ; 0                 ; 0          ; 0    ; 0            ; |SHA3_256|flipflop64:reg0                     ; flipflop64     ; work         ;
;    |flipflop64:reg1|         ; 0 (0)               ; 64 (64)                   ; 0                 ; 0          ; 0    ; 0            ; |SHA3_256|flipflop64:reg1                     ; flipflop64     ; work         ;
;    |flipflop64:reg2|         ; 0 (0)               ; 64 (64)                   ; 0                 ; 0          ; 0    ; 0            ; |SHA3_256|flipflop64:reg2                     ; flipflop64     ; work         ;
;    |flipflop64:reg3|         ; 0 (0)               ; 64 (64)                   ; 0                 ; 0          ; 0    ; 0            ; |SHA3_256|flipflop64:reg3                     ; flipflop64     ; work         ;
;    |theta_stage:theta|       ; 768 (768)           ; 1280 (0)                  ; 0                 ; 0          ; 0    ; 0            ; |SHA3_256|theta_stage:theta                   ; theta_stage    ; work         ;
;       |flipflop64:creg0|     ; 0 (0)               ; 64 (64)                   ; 0                 ; 0          ; 0    ; 0            ; |SHA3_256|theta_stage:theta|flipflop64:creg0  ; flipflop64     ; work         ;
;       |flipflop64:creg1|     ; 0 (0)               ; 64 (64)                   ; 0                 ; 0          ; 0    ; 0            ; |SHA3_256|theta_stage:theta|flipflop64:creg1  ; flipflop64     ; work         ;
;       |flipflop64:creg2|     ; 0 (0)               ; 64 (64)                   ; 0                 ; 0          ; 0    ; 0            ; |SHA3_256|theta_stage:theta|flipflop64:creg2  ; flipflop64     ; work         ;
;       |flipflop64:creg3|     ; 0 (0)               ; 64 (64)                   ; 0                 ; 0          ; 0    ; 0            ; |SHA3_256|theta_stage:theta|flipflop64:creg3  ; flipflop64     ; work         ;
;       |flipflop64:dreg0|     ; 0 (0)               ; 64 (64)                   ; 0                 ; 0          ; 0    ; 0            ; |SHA3_256|theta_stage:theta|flipflop64:dreg0  ; flipflop64     ; work         ;
;       |flipflop64:dreg1|     ; 0 (0)               ; 64 (64)                   ; 0                 ; 0          ; 0    ; 0            ; |SHA3_256|theta_stage:theta|flipflop64:dreg1  ; flipflop64     ; work         ;
;       |flipflop64:dreg2|     ; 0 (0)               ; 64 (64)                   ; 0                 ; 0          ; 0    ; 0            ; |SHA3_256|theta_stage:theta|flipflop64:dreg2  ; flipflop64     ; work         ;
;       |flipflop64:dreg3|     ; 0 (0)               ; 64 (64)                   ; 0                 ; 0          ; 0    ; 0            ; |SHA3_256|theta_stage:theta|flipflop64:dreg3  ; flipflop64     ; work         ;
;       |flipflop64:s1reg0|    ; 0 (0)               ; 64 (64)                   ; 0                 ; 0          ; 0    ; 0            ; |SHA3_256|theta_stage:theta|flipflop64:s1reg0 ; flipflop64     ; work         ;
;       |flipflop64:s1reg1|    ; 0 (0)               ; 64 (64)                   ; 0                 ; 0          ; 0    ; 0            ; |SHA3_256|theta_stage:theta|flipflop64:s1reg1 ; flipflop64     ; work         ;
;       |flipflop64:s1reg2|    ; 0 (0)               ; 64 (64)                   ; 0                 ; 0          ; 0    ; 0            ; |SHA3_256|theta_stage:theta|flipflop64:s1reg2 ; flipflop64     ; work         ;
;       |flipflop64:s1reg3|    ; 0 (0)               ; 64 (64)                   ; 0                 ; 0          ; 0    ; 0            ; |SHA3_256|theta_stage:theta|flipflop64:s1reg3 ; flipflop64     ; work         ;
;       |flipflop64:s2reg0|    ; 0 (0)               ; 64 (64)                   ; 0                 ; 0          ; 0    ; 0            ; |SHA3_256|theta_stage:theta|flipflop64:s2reg0 ; flipflop64     ; work         ;
;       |flipflop64:s2reg1|    ; 0 (0)               ; 64 (64)                   ; 0                 ; 0          ; 0    ; 0            ; |SHA3_256|theta_stage:theta|flipflop64:s2reg1 ; flipflop64     ; work         ;
;       |flipflop64:s2reg2|    ; 0 (0)               ; 64 (64)                   ; 0                 ; 0          ; 0    ; 0            ; |SHA3_256|theta_stage:theta|flipflop64:s2reg2 ; flipflop64     ; work         ;
;       |flipflop64:s2reg3|    ; 0 (0)               ; 64 (64)                   ; 0                 ; 0          ; 0    ; 0            ; |SHA3_256|theta_stage:theta|flipflop64:s2reg3 ; flipflop64     ; work         ;
;       |flipflop64:treg0|     ; 0 (0)               ; 64 (64)                   ; 0                 ; 0          ; 0    ; 0            ; |SHA3_256|theta_stage:theta|flipflop64:treg0  ; flipflop64     ; work         ;
;       |flipflop64:treg1|     ; 0 (0)               ; 64 (64)                   ; 0                 ; 0          ; 0    ; 0            ; |SHA3_256|theta_stage:theta|flipflop64:treg1  ; flipflop64     ; work         ;
;       |flipflop64:treg2|     ; 0 (0)               ; 64 (64)                   ; 0                 ; 0          ; 0    ; 0            ; |SHA3_256|theta_stage:theta|flipflop64:treg2  ; flipflop64     ; work         ;
;       |flipflop64:treg3|     ; 0 (0)               ; 64 (64)                   ; 0                 ; 0          ; 0    ; 0            ; |SHA3_256|theta_stage:theta|flipflop64:treg3  ; flipflop64     ; work         ;
+------------------------------+---------------------+---------------------------+-------------------+------------+------+--------------+-----------------------------------------------+----------------+--------------+
Note: For table entries with two numbers listed, the numbers in parentheses indicate the number of resources of the given type used by the specific entity alone. The numbers listed outside of parentheses indicate the total resources of the given type used by the specific entity and all of its sub-entities in the hierarchy.


+------------------------------------------------------+
; General Register Statistics                          ;
+----------------------------------------------+-------+
; Statistic                                    ; Value ;
+----------------------------------------------+-------+
; Total registers                              ; 1536  ;
; Number of registers using Synchronous Clear  ; 1536  ;
; Number of registers using Synchronous Load   ; 0     ;
; Number of registers using Asynchronous Clear ; 0     ;
; Number of registers using Asynchronous Load  ; 0     ;
; Number of registers using Clock Enable       ; 0     ;
; Number of registers using Preset             ; 0     ;
+----------------------------------------------+-------+


+-----------------------------------------------------+
; Post-Synthesis Netlist Statistics for Top Partition ;
+-----------------------+-----------------------------+
; Type                  ; Count                       ;
+-----------------------+-----------------------------+
; arriav_ff             ; 1536                        ;
;     SCLR              ; 1536                        ;
; arriav_lcell_comb     ; 1024                        ;
;     normal            ; 1024                        ;
;         2 data inputs ; 768                         ;
;         4 data inputs ; 256                         ;
; boundary_port         ; 578                         ;
;                       ;                             ;
; Max LUT depth         ; 1.00                        ;
; Average LUT depth     ; 0.82                        ;
+-----------------------+-----------------------------+


+-------------------------------+
; Elapsed Time Per Partition    ;
+----------------+--------------+
; Partition Name ; Elapsed Time ;
+----------------+--------------+
; Top            ; 00:00:00     ;
+----------------+--------------+


+-------------------------------+
; Analysis & Synthesis Messages ;
+-------------------------------+
Info: *******************************************************************
Info: Running Quartus Prime Analysis & Synthesis
    Info: Version 18.1.0 Build 625 09/12/2018 SJ Lite Edition
    Info: Processing started: Sat Apr 02 16:17:35 2022
Info: Command: quartus_map --read_settings_files=on --write_settings_files=off SHA3_256 -c SHA3_256
Warning (18236): Number of processors has not been specified which may cause overloading on shared machines.  Set the global assignment NUM_PARALLEL_PROCESSORS in your QSF to an appropriate value for best performance.
Info (20030): Parallel compilation is enabled and will use 4 of the 4 processors detected
Info (12021): Found 2 design units, including 1 entities, in source file flipflop64.vhd
    Info (12022): Found design unit 1: flipflop64-imp File: C:/Users/jack_/Documents/Rowan/Complex_Digital_Systems/SHA3-256 VHDL Project/SHA3_256/flipflop64.vhd Line: 11
    Info (12023): Found entity 1: flipflop64 File: C:/Users/jack_/Documents/Rowan/Complex_Digital_Systems/SHA3-256 VHDL Project/SHA3_256/flipflop64.vhd Line: 4
Info (12021): Found 2 design units, including 1 entities, in source file theta_stage.vhd
    Info (12022): Found design unit 1: theta_stage-imp File: C:/Users/jack_/Documents/Rowan/Complex_Digital_Systems/SHA3-256 VHDL Project/SHA3_256/theta_stage.vhd Line: 18
    Info (12023): Found entity 1: theta_stage File: C:/Users/jack_/Documents/Rowan/Complex_Digital_Systems/SHA3-256 VHDL Project/SHA3_256/theta_stage.vhd Line: 4
Info (12021): Found 2 design units, including 1 entities, in source file theta_stage_tb.vhd
    Info (12022): Found design unit 1: theta_stage_tb-testbench File: C:/Users/jack_/Documents/Rowan/Complex_Digital_Systems/SHA3-256 VHDL Project/SHA3_256/theta_stage_tb.vhd Line: 8
    Info (12023): Found entity 1: theta_stage_tb File: C:/Users/jack_/Documents/Rowan/Complex_Digital_Systems/SHA3-256 VHDL Project/SHA3_256/theta_stage_tb.vhd Line: 4
Info (12021): Found 2 design units, including 1 entities, in source file rho_pi_stage.vhd
    Info (12022): Found design unit 1: rho_pi_stage-imp File: C:/Users/jack_/Documents/Rowan/Complex_Digital_Systems/SHA3-256 VHDL Project/SHA3_256/rho_pi_stage.vhd Line: 17
    Info (12023): Found entity 1: rho_pi_stage File: C:/Users/jack_/Documents/Rowan/Complex_Digital_Systems/SHA3-256 VHDL Project/SHA3_256/rho_pi_stage.vhd Line: 4
Info (12021): Found 2 design units, including 1 entities, in source file chi_iota_stage.vhd
    Info (12022): Found design unit 1: chi_iota_stage-imp File: C:/Users/jack_/Documents/Rowan/Complex_Digital_Systems/SHA3-256 VHDL Project/SHA3_256/chi_iota_stage.vhd Line: 19
    Info (12023): Found entity 1: chi_iota_stage File: C:/Users/jack_/Documents/Rowan/Complex_Digital_Systems/SHA3-256 VHDL Project/SHA3_256/chi_iota_stage.vhd Line: 4
Info (12021): Found 2 design units, including 1 entities, in source file sha3_256.vhd
    Info (12022): Found design unit 1: SHA3_256-imp File: C:/Users/jack_/Documents/Rowan/Complex_Digital_Systems/SHA3-256 VHDL Project/SHA3_256/SHA3_256.vhd Line: 19
    Info (12023): Found entity 1: SHA3_256 File: C:/Users/jack_/Documents/Rowan/Complex_Digital_Systems/SHA3-256 VHDL Project/SHA3_256/SHA3_256.vhd Line: 4
Info (12127): Elaborating entity "SHA3_256" for the top level hierarchy
Info (12128): Elaborating entity "flipflop64" for hierarchy "flipflop64:reg0" File: C:/Users/jack_/Documents/Rowan/Complex_Digital_Systems/SHA3-256 VHDL Project/SHA3_256/SHA3_256.vhd Line: 71
Info (12128): Elaborating entity "theta_stage" for hierarchy "theta_stage:theta" File: C:/Users/jack_/Documents/Rowan/Complex_Digital_Systems/SHA3-256 VHDL Project/SHA3_256/SHA3_256.vhd Line: 103
Info (12128): Elaborating entity "rho_pi_stage" for hierarchy "rho_pi_stage:rho_pi" File: C:/Users/jack_/Documents/Rowan/Complex_Digital_Systems/SHA3-256 VHDL Project/SHA3_256/SHA3_256.vhd Line: 117
Info (12128): Elaborating entity "chi_iota_stage" for hierarchy "chi_iota_stage:chi_iota" File: C:/Users/jack_/Documents/Rowan/Complex_Digital_Systems/SHA3-256 VHDL Project/SHA3_256/SHA3_256.vhd Line: 129
Info (286030): Timing-Driven Synthesis is running
Info (16010): Generating hard_block partition "hard_block:auto_generated_inst"
    Info (16011): Adding 0 node(s), including 0 DDIO, 0 PLL, 0 transceiver and 0 LCELL
Info (21057): Implemented 2370 device resources after synthesis - the final resource count might be different
    Info (21058): Implemented 322 input pins
    Info (21059): Implemented 256 output pins
    Info (21061): Implemented 1792 logic cells
Info: Quartus Prime Analysis & Synthesis was successful. 0 errors, 1 warning
    Info: Peak virtual memory: 4876 megabytes
    Info: Processing ended: Sat Apr 02 16:17:47 2022
    Info: Elapsed time: 00:00:12
    Info: Total CPU time (on all processors): 00:00:22


